<?xml version="1.0" encoding="UTF-8"?>
<testng-results skipped="0" failed="0" ignored="0" total="1" passed="1">
  <reporter-output>
  </reporter-output>
  <suite name="Default suite" duration-ms="42" started-at="2021-09-23T05:24:02Z" finished-at="2021-09-23T05:24:02Z">
    <groups>
    </groups>
    <test name="Default test" duration-ms="42" started-at="2021-09-23T05:24:02Z" finished-at="2021-09-23T05:24:02Z">
      <class name="NewTest">
        <test-method status="PASS" signature="f()[pri:0, instance:NewTest@2d2e5f00]" name="f" duration-ms="12" started-at="2021-09-23T05:24:02Z" finished-at="2021-09-23T05:24:02Z">
          <reporter-output>
          </reporter-output>
        </test-method> <!-- f -->
      </class> <!-- NewTest -->
    </test> <!-- Default test -->
  </suite> <!-- Default suite -->
</testng-results>
